{"/Users/thetjmccarty/Documents/YouTubeTutorials/expo-jest-testing/App.js": {"path":"/Users/thetjmccarty/Documents/YouTubeTutorials/expo-jest-testing/App.js","statementMap":{"0":{"start":{"line":6,"column":2},"end":{"line":6,"column":54}},"1":{"start":{"line":8,"column":2},"end":{"line":13,"column":4}},"2":{"start":{"line":16,"column":15},"end":{"line":23,"column":2}}},"fnMap":{"0":{"name":"App","decl":{"start":{"line":5,"column":24},"end":{"line":5,"column":27}},"loc":{"start":{"line":5,"column":30},"end":{"line":14,"column":1}},"line":5}},"branchMap":{},"s":{"0":2,"1":2,"2":1},"f":{"0":2},"b":{},"_coverageSchema":"1a1c01bbd47fc00a2c39e90264f33305004495a9","hash":"bf850309170812419e982f17b9129b345e5fbe1a"}
}
